2020/03/14-18:33 [restartedMain] INFO  com.sportswork.sportswork.SportsworkApplication: Starting SportsworkApplication on LAPTOP-19J49U6B with PID 10076 (E:\BiYeSheJi_project_lixidong\sportswork\target\classes started by 50472 in E:\BiYeSheJi_project_lixidong\sportswork)
2020/03/14-18:33 [restartedMain] INFO  com.sportswork.sportswork.SportsworkApplication: No active profile set, falling back to default profiles: default
2020/03/14-18:33 [restartedMain] INFO  org.springframework.boot.devtools.env.DevToolsPropertyDefaultsPostProcessor: Devtools property defaults active! Set 'spring.devtools.add-properties' to 'false' to disable
2020/03/14-18:33 [restartedMain] INFO  org.springframework.boot.devtools.env.DevToolsPropertyDefaultsPostProcessor: For additional web related logging consider setting the 'logging.level.web' property to 'DEBUG'
2020/03/14-18:33 [restartedMain] INFO  org.springframework.boot.web.embedded.tomcat.TomcatWebServer: Tomcat initialized with port(s): 8081 (http)
2020/03/14-18:33 [restartedMain] INFO  org.apache.catalina.core.StandardService: Starting service [Tomcat]
2020/03/14-18:33 [restartedMain] INFO  org.apache.catalina.core.StandardEngine: Starting Servlet engine: [Apache Tomcat/9.0.29]
2020/03/14-18:33 [restartedMain] INFO  org.apache.catalina.core.ContainerBase.[Tomcat].[localhost].[/]: Initializing Spring embedded WebApplicationContext
2020/03/14-18:33 [restartedMain] INFO  org.springframework.web.context.ContextLoader: Root WebApplicationContext: initialization completed in 3396 ms
2020/03/14-18:33 [restartedMain] INFO  org.springframework.security.web.DefaultSecurityFilterChain: Creating filter chain: any request, [org.springframework.security.web.context.request.async.WebAsyncManagerIntegrationFilter@2abd9744, org.springframework.security.web.context.SecurityContextPersistenceFilter@16017429, org.springframework.security.web.header.HeaderWriterFilter@72a24b83, org.springframework.security.web.authentication.logout.LogoutFilter@4b1daede, org.springframework.security.web.authentication.UsernamePasswordAuthenticationFilter@35c183ea, org.springframework.security.web.savedrequest.RequestCacheAwareFilter@678d44cd, org.springframework.security.web.servletapi.SecurityContextHolderAwareRequestFilter@7b81a14e, org.springframework.security.web.authentication.AnonymousAuthenticationFilter@9e4ffd6, org.springframework.security.web.session.SessionManagementFilter@2b9ccb77, org.springframework.security.web.access.ExceptionTranslationFilter@a77dd7d, org.springframework.security.web.access.intercept.FilterSecurityInterceptor@5f8c9bce]
2020/03/14-18:33 [restartedMain] INFO  org.springframework.scheduling.concurrent.ThreadPoolTaskExecutor: Initializing ExecutorService 'applicationTaskExecutor'
2020/03/14-18:33 [restartedMain] WARN  org.thymeleaf.templatemode.TemplateMode: [THYMELEAF][restartedMain] Template Mode 'HTML5' is deprecated. Using Template Mode 'HTML' instead.
2020/03/14-18:33 [restartedMain] INFO  org.springframework.scheduling.concurrent.ThreadPoolTaskScheduler: Initializing ExecutorService 'taskScheduler'
2020/03/14-18:33 [restartedMain] INFO  org.springframework.boot.devtools.autoconfigure.OptionalLiveReloadServer: LiveReload server is running on port 35729
2020/03/14-18:33 [restartedMain] INFO  org.springframework.boot.web.embedded.tomcat.TomcatWebServer: Tomcat started on port(s): 8081 (http) with context path ''
2020/03/14-18:33 [restartedMain] INFO  com.sportswork.sportswork.SportsworkApplication: Started SportsworkApplication in 7.399 seconds (JVM running for 11.586)
2020/03/14-18:34 [http-nio-8081-exec-1] INFO  org.apache.catalina.core.ContainerBase.[Tomcat].[localhost].[/]: Initializing Spring DispatcherServlet 'dispatcherServlet'
2020/03/14-18:34 [http-nio-8081-exec-1] INFO  org.springframework.web.servlet.DispatcherServlet: Initializing Servlet 'dispatcherServlet'
2020/03/14-18:34 [http-nio-8081-exec-1] INFO  org.springframework.web.servlet.DispatcherServlet: Completed initialization in 8 ms
2020/03/14-18:38 [SpringContextShutdownHook] INFO  org.springframework.scheduling.concurrent.ThreadPoolTaskScheduler: Shutting down ExecutorService 'taskScheduler'
2020/03/14-18:38 [SpringContextShutdownHook] INFO  org.springframework.scheduling.concurrent.ThreadPoolTaskExecutor: Shutting down ExecutorService 'applicationTaskExecutor'
2020/03/14-18:38 [restartedMain] INFO  com.sportswork.sportswork.SportsworkApplication: Starting SportsworkApplication on LAPTOP-19J49U6B with PID 8448 (E:\BiYeSheJi_project_lixidong\sportswork\target\classes started by 50472 in E:\BiYeSheJi_project_lixidong\sportswork)
2020/03/14-18:38 [restartedMain] INFO  com.sportswork.sportswork.SportsworkApplication: No active profile set, falling back to default profiles: default
2020/03/14-18:38 [restartedMain] INFO  org.springframework.boot.devtools.env.DevToolsPropertyDefaultsPostProcessor: Devtools property defaults active! Set 'spring.devtools.add-properties' to 'false' to disable
2020/03/14-18:38 [restartedMain] INFO  org.springframework.boot.devtools.env.DevToolsPropertyDefaultsPostProcessor: For additional web related logging consider setting the 'logging.level.web' property to 'DEBUG'
2020/03/14-18:38 [restartedMain] INFO  org.springframework.boot.web.embedded.tomcat.TomcatWebServer: Tomcat initialized with port(s): 8081 (http)
2020/03/14-18:38 [restartedMain] INFO  org.apache.catalina.core.StandardService: Starting service [Tomcat]
2020/03/14-18:38 [restartedMain] INFO  org.apache.catalina.core.StandardEngine: Starting Servlet engine: [Apache Tomcat/9.0.29]
2020/03/14-18:38 [restartedMain] INFO  org.apache.catalina.core.ContainerBase.[Tomcat].[localhost].[/]: Initializing Spring embedded WebApplicationContext
2020/03/14-18:38 [restartedMain] INFO  org.springframework.web.context.ContextLoader: Root WebApplicationContext: initialization completed in 1522 ms
2020/03/14-18:38 [restartedMain] INFO  org.springframework.security.web.DefaultSecurityFilterChain: Creating filter chain: any request, [org.springframework.security.web.context.request.async.WebAsyncManagerIntegrationFilter@44f87b5b, org.springframework.security.web.context.SecurityContextPersistenceFilter@1b680d50, org.springframework.security.web.header.HeaderWriterFilter@5b000a79, org.springframework.security.web.authentication.logout.LogoutFilter@2cd9a5cd, org.springframework.security.web.authentication.UsernamePasswordAuthenticationFilter@4d7fbef0, org.springframework.security.web.savedrequest.RequestCacheAwareFilter@431f6585, org.springframework.security.web.servletapi.SecurityContextHolderAwareRequestFilter@2ca399fc, org.springframework.security.web.authentication.AnonymousAuthenticationFilter@561f4b20, org.springframework.security.web.session.SessionManagementFilter@6f4e6795, org.springframework.security.web.access.ExceptionTranslationFilter@939d7c8, org.springframework.security.web.access.intercept.FilterSecurityInterceptor@12aaed2a]
2020/03/14-18:38 [restartedMain] INFO  org.springframework.scheduling.concurrent.ThreadPoolTaskExecutor: Initializing ExecutorService 'applicationTaskExecutor'
2020/03/14-18:38 [restartedMain] WARN  org.thymeleaf.templatemode.TemplateMode: [THYMELEAF][restartedMain] Template Mode 'HTML5' is deprecated. Using Template Mode 'HTML' instead.
2020/03/14-18:38 [restartedMain] INFO  org.springframework.scheduling.concurrent.ThreadPoolTaskScheduler: Initializing ExecutorService 'taskScheduler'
2020/03/14-18:38 [restartedMain] INFO  org.springframework.boot.devtools.autoconfigure.OptionalLiveReloadServer: LiveReload server is running on port 35729
2020/03/14-18:38 [restartedMain] INFO  org.springframework.boot.web.embedded.tomcat.TomcatWebServer: Tomcat started on port(s): 8081 (http) with context path ''
2020/03/14-18:38 [restartedMain] INFO  com.sportswork.sportswork.SportsworkApplication: Started SportsworkApplication in 4.049 seconds (JVM running for 5.69)
2020/03/14-18:38 [http-nio-8081-exec-1] INFO  org.apache.catalina.core.ContainerBase.[Tomcat].[localhost].[/]: Initializing Spring DispatcherServlet 'dispatcherServlet'
2020/03/14-18:38 [http-nio-8081-exec-1] INFO  org.springframework.web.servlet.DispatcherServlet: Initializing Servlet 'dispatcherServlet'
2020/03/14-18:38 [http-nio-8081-exec-1] INFO  org.springframework.web.servlet.DispatcherServlet: Completed initialization in 6 ms
2020/03/14-18:38 [http-nio-8081-exec-10] INFO  com.alibaba.druid.pool.DruidDataSource: {dataSource-1} inited
2020/03/14-18:56 [SpringContextShutdownHook] INFO  org.springframework.scheduling.concurrent.ThreadPoolTaskScheduler: Shutting down ExecutorService 'taskScheduler'
2020/03/14-18:56 [SpringContextShutdownHook] INFO  org.springframework.scheduling.concurrent.ThreadPoolTaskExecutor: Shutting down ExecutorService 'applicationTaskExecutor'
2020/03/14-18:56 [SpringContextShutdownHook] INFO  com.alibaba.druid.pool.DruidDataSource: {dataSource-1} closed
2020/03/14-18:57 [restartedMain] INFO  com.sportswork.sportswork.SportsworkApplication: Starting SportsworkApplication on LAPTOP-19J49U6B with PID 7420 (E:\BiYeSheJi_project_lixidong\sportswork\target\classes started by 50472 in E:\BiYeSheJi_project_lixidong\sportswork)
2020/03/14-18:57 [restartedMain] INFO  com.sportswork.sportswork.SportsworkApplication: No active profile set, falling back to default profiles: default
2020/03/14-18:57 [restartedMain] INFO  org.springframework.boot.devtools.env.DevToolsPropertyDefaultsPostProcessor: Devtools property defaults active! Set 'spring.devtools.add-properties' to 'false' to disable
2020/03/14-18:57 [restartedMain] INFO  org.springframework.boot.devtools.env.DevToolsPropertyDefaultsPostProcessor: For additional web related logging consider setting the 'logging.level.web' property to 'DEBUG'
2020/03/14-18:57 [restartedMain] INFO  org.springframework.boot.web.embedded.tomcat.TomcatWebServer: Tomcat initialized with port(s): 8081 (http)
2020/03/14-18:57 [restartedMain] INFO  org.apache.catalina.core.StandardService: Starting service [Tomcat]
2020/03/14-18:57 [restartedMain] INFO  org.apache.catalina.core.StandardEngine: Starting Servlet engine: [Apache Tomcat/9.0.29]
2020/03/14-18:57 [restartedMain] INFO  org.apache.catalina.core.ContainerBase.[Tomcat].[localhost].[/]: Initializing Spring embedded WebApplicationContext
2020/03/14-18:57 [restartedMain] INFO  org.springframework.web.context.ContextLoader: Root WebApplicationContext: initialization completed in 1536 ms
2020/03/14-18:57 [restartedMain] INFO  org.springframework.security.web.DefaultSecurityFilterChain: Creating filter chain: any request, [org.springframework.security.web.context.request.async.WebAsyncManagerIntegrationFilter@772ce3ee, org.springframework.security.web.context.SecurityContextPersistenceFilter@13be2316, org.springframework.security.web.header.HeaderWriterFilter@7d2deff3, org.springframework.security.web.authentication.logout.LogoutFilter@23a458e1, org.springframework.security.web.authentication.UsernamePasswordAuthenticationFilter@58ae6a44, org.springframework.security.web.savedrequest.RequestCacheAwareFilter@10f79d2b, org.springframework.security.web.servletapi.SecurityContextHolderAwareRequestFilter@27f5ddaa, org.springframework.security.web.authentication.AnonymousAuthenticationFilter@71cf282f, org.springframework.security.web.session.SessionManagementFilter@2ae6f92b, org.springframework.security.web.access.ExceptionTranslationFilter@6a5fef00, org.springframework.security.web.access.intercept.FilterSecurityInterceptor@695284eb]
2020/03/14-18:57 [restartedMain] INFO  org.springframework.scheduling.concurrent.ThreadPoolTaskExecutor: Initializing ExecutorService 'applicationTaskExecutor'
2020/03/14-18:57 [restartedMain] WARN  org.thymeleaf.templatemode.TemplateMode: [THYMELEAF][restartedMain] Template Mode 'HTML5' is deprecated. Using Template Mode 'HTML' instead.
2020/03/14-18:57 [restartedMain] INFO  org.springframework.scheduling.concurrent.ThreadPoolTaskScheduler: Initializing ExecutorService 'taskScheduler'
2020/03/14-18:57 [restartedMain] INFO  org.springframework.boot.devtools.autoconfigure.OptionalLiveReloadServer: LiveReload server is running on port 35729
2020/03/14-18:57 [restartedMain] INFO  org.springframework.boot.web.embedded.tomcat.TomcatWebServer: Tomcat started on port(s): 8081 (http) with context path ''
2020/03/14-18:57 [restartedMain] INFO  com.sportswork.sportswork.SportsworkApplication: Started SportsworkApplication in 4.187 seconds (JVM running for 5.469)
2020/03/14-18:57 [http-nio-8081-exec-2] INFO  org.apache.catalina.core.ContainerBase.[Tomcat].[localhost].[/]: Initializing Spring DispatcherServlet 'dispatcherServlet'
2020/03/14-18:57 [http-nio-8081-exec-2] INFO  org.springframework.web.servlet.DispatcherServlet: Initializing Servlet 'dispatcherServlet'
2020/03/14-18:57 [http-nio-8081-exec-2] INFO  org.springframework.web.servlet.DispatcherServlet: Completed initialization in 6 ms
2020/03/14-18:57 [http-nio-8081-exec-2] INFO  com.alibaba.druid.pool.DruidDataSource: {dataSource-1} inited
2020/03/14-18:59 [SpringContextShutdownHook] INFO  org.springframework.scheduling.concurrent.ThreadPoolTaskScheduler: Shutting down ExecutorService 'taskScheduler'
2020/03/14-18:59 [SpringContextShutdownHook] INFO  org.springframework.scheduling.concurrent.ThreadPoolTaskExecutor: Shutting down ExecutorService 'applicationTaskExecutor'
2020/03/14-18:59 [SpringContextShutdownHook] INFO  com.alibaba.druid.pool.DruidDataSource: {dataSource-1} closed
2020/03/14-18:59 [restartedMain] INFO  com.sportswork.sportswork.SportsworkApplication: Starting SportsworkApplication on LAPTOP-19J49U6B with PID 7340 (E:\BiYeSheJi_project_lixidong\sportswork\target\classes started by 50472 in E:\BiYeSheJi_project_lixidong\sportswork)
2020/03/14-18:59 [restartedMain] INFO  com.sportswork.sportswork.SportsworkApplication: No active profile set, falling back to default profiles: default
2020/03/14-18:59 [restartedMain] INFO  org.springframework.boot.devtools.env.DevToolsPropertyDefaultsPostProcessor: Devtools property defaults active! Set 'spring.devtools.add-properties' to 'false' to disable
2020/03/14-18:59 [restartedMain] INFO  org.springframework.boot.devtools.env.DevToolsPropertyDefaultsPostProcessor: For additional web related logging consider setting the 'logging.level.web' property to 'DEBUG'
2020/03/14-18:59 [restartedMain] INFO  org.springframework.boot.web.embedded.tomcat.TomcatWebServer: Tomcat initialized with port(s): 8081 (http)
2020/03/14-18:59 [restartedMain] INFO  org.apache.catalina.core.StandardService: Starting service [Tomcat]
2020/03/14-18:59 [restartedMain] INFO  org.apache.catalina.core.StandardEngine: Starting Servlet engine: [Apache Tomcat/9.0.29]
2020/03/14-18:59 [restartedMain] INFO  org.apache.catalina.core.ContainerBase.[Tomcat].[localhost].[/]: Initializing Spring embedded WebApplicationContext
2020/03/14-18:59 [restartedMain] INFO  org.springframework.web.context.ContextLoader: Root WebApplicationContext: initialization completed in 1443 ms
2020/03/14-18:59 [restartedMain] INFO  org.springframework.security.web.DefaultSecurityFilterChain: Creating filter chain: any request, [org.springframework.security.web.context.request.async.WebAsyncManagerIntegrationFilter@71c4bdf8, org.springframework.security.web.context.SecurityContextPersistenceFilter@282dbb26, org.springframework.security.web.header.HeaderWriterFilter@1e177435, org.springframework.security.web.authentication.logout.LogoutFilter@6c29e87a, org.springframework.security.web.authentication.UsernamePasswordAuthenticationFilter@5a5ad5fb, org.springframework.security.web.savedrequest.RequestCacheAwareFilter@7c204c5f, org.springframework.security.web.servletapi.SecurityContextHolderAwareRequestFilter@26848869, org.springframework.security.web.authentication.AnonymousAuthenticationFilter@45b87cd5, org.springframework.security.web.session.SessionManagementFilter@46a21262, org.springframework.security.web.access.ExceptionTranslationFilter@57a903f8, org.springframework.security.web.access.intercept.FilterSecurityInterceptor@2d2dcb83]
2020/03/14-18:59 [restartedMain] INFO  org.springframework.scheduling.concurrent.ThreadPoolTaskExecutor: Initializing ExecutorService 'applicationTaskExecutor'
2020/03/14-18:59 [restartedMain] WARN  org.thymeleaf.templatemode.TemplateMode: [THYMELEAF][restartedMain] Template Mode 'HTML5' is deprecated. Using Template Mode 'HTML' instead.
2020/03/14-18:59 [restartedMain] INFO  org.springframework.scheduling.concurrent.ThreadPoolTaskScheduler: Initializing ExecutorService 'taskScheduler'
2020/03/14-18:59 [restartedMain] INFO  org.springframework.boot.devtools.autoconfigure.OptionalLiveReloadServer: LiveReload server is running on port 35729
2020/03/14-18:59 [restartedMain] INFO  org.springframework.boot.web.embedded.tomcat.TomcatWebServer: Tomcat started on port(s): 8081 (http) with context path ''
2020/03/14-18:59 [restartedMain] INFO  com.sportswork.sportswork.SportsworkApplication: Started SportsworkApplication in 3.945 seconds (JVM running for 5.383)
2020/03/14-19:00 [http-nio-8081-exec-2] INFO  org.apache.catalina.core.ContainerBase.[Tomcat].[localhost].[/]: Initializing Spring DispatcherServlet 'dispatcherServlet'
2020/03/14-19:00 [http-nio-8081-exec-2] INFO  org.springframework.web.servlet.DispatcherServlet: Initializing Servlet 'dispatcherServlet'
2020/03/14-19:00 [http-nio-8081-exec-2] INFO  org.springframework.web.servlet.DispatcherServlet: Completed initialization in 5 ms
2020/03/14-19:00 [http-nio-8081-exec-3] INFO  com.alibaba.druid.pool.DruidDataSource: {dataSource-1} inited
2020/03/14-19:00 [SpringContextShutdownHook] INFO  org.springframework.scheduling.concurrent.ThreadPoolTaskScheduler: Shutting down ExecutorService 'taskScheduler'
2020/03/14-19:00 [SpringContextShutdownHook] INFO  org.springframework.scheduling.concurrent.ThreadPoolTaskExecutor: Shutting down ExecutorService 'applicationTaskExecutor'
2020/03/14-19:00 [SpringContextShutdownHook] INFO  com.alibaba.druid.pool.DruidDataSource: {dataSource-1} closed
2020/03/14-19:01 [restartedMain] INFO  com.sportswork.sportswork.SportsworkApplication: Starting SportsworkApplication on LAPTOP-19J49U6B with PID 11412 (E:\BiYeSheJi_project_lixidong\sportswork\target\classes started by 50472 in E:\BiYeSheJi_project_lixidong\sportswork)
2020/03/14-19:01 [restartedMain] INFO  com.sportswork.sportswork.SportsworkApplication: No active profile set, falling back to default profiles: default
2020/03/14-19:01 [restartedMain] INFO  org.springframework.boot.devtools.env.DevToolsPropertyDefaultsPostProcessor: Devtools property defaults active! Set 'spring.devtools.add-properties' to 'false' to disable
2020/03/14-19:01 [restartedMain] INFO  org.springframework.boot.devtools.env.DevToolsPropertyDefaultsPostProcessor: For additional web related logging consider setting the 'logging.level.web' property to 'DEBUG'
2020/03/14-19:01 [restartedMain] INFO  org.springframework.boot.web.embedded.tomcat.TomcatWebServer: Tomcat initialized with port(s): 8081 (http)
2020/03/14-19:01 [restartedMain] INFO  org.apache.catalina.core.StandardService: Starting service [Tomcat]
2020/03/14-19:01 [restartedMain] INFO  org.apache.catalina.core.StandardEngine: Starting Servlet engine: [Apache Tomcat/9.0.29]
2020/03/14-19:01 [restartedMain] INFO  org.apache.catalina.core.ContainerBase.[Tomcat].[localhost].[/]: Initializing Spring embedded WebApplicationContext
2020/03/14-19:01 [restartedMain] INFO  org.springframework.web.context.ContextLoader: Root WebApplicationContext: initialization completed in 1848 ms
2020/03/14-19:01 [restartedMain] INFO  org.springframework.security.web.DefaultSecurityFilterChain: Creating filter chain: any request, [org.springframework.security.web.context.request.async.WebAsyncManagerIntegrationFilter@418f2f44, org.springframework.security.web.context.SecurityContextPersistenceFilter@f9aa1a0, org.springframework.security.web.header.HeaderWriterFilter@1a91ad6d, org.springframework.security.web.authentication.logout.LogoutFilter@5223762a, org.springframework.security.web.authentication.UsernamePasswordAuthenticationFilter@5f45a5b4, org.springframework.security.web.savedrequest.RequestCacheAwareFilter@411e2b77, org.springframework.security.web.servletapi.SecurityContextHolderAwareRequestFilter@71b8f3a5, org.springframework.security.web.authentication.AnonymousAuthenticationFilter@b75d7bc, org.springframework.security.web.session.SessionManagementFilter@7e007c08, org.springframework.security.web.access.ExceptionTranslationFilter@639878bd, org.springframework.security.web.access.intercept.FilterSecurityInterceptor@669ffa96]
2020/03/14-19:01 [restartedMain] INFO  org.springframework.scheduling.concurrent.ThreadPoolTaskExecutor: Initializing ExecutorService 'applicationTaskExecutor'
2020/03/14-19:01 [restartedMain] WARN  org.thymeleaf.templatemode.TemplateMode: [THYMELEAF][restartedMain] Template Mode 'HTML5' is deprecated. Using Template Mode 'HTML' instead.
2020/03/14-19:01 [restartedMain] INFO  org.springframework.scheduling.concurrent.ThreadPoolTaskScheduler: Initializing ExecutorService 'taskScheduler'
2020/03/14-19:01 [restartedMain] INFO  org.springframework.boot.devtools.autoconfigure.OptionalLiveReloadServer: LiveReload server is running on port 35729
2020/03/14-19:01 [restartedMain] INFO  org.springframework.boot.web.embedded.tomcat.TomcatWebServer: Tomcat started on port(s): 8081 (http) with context path ''
2020/03/14-19:01 [restartedMain] INFO  com.sportswork.sportswork.SportsworkApplication: Started SportsworkApplication in 4.558 seconds (JVM running for 5.753)
2020/03/14-19:01 [http-nio-8081-exec-2] INFO  org.apache.catalina.core.ContainerBase.[Tomcat].[localhost].[/]: Initializing Spring DispatcherServlet 'dispatcherServlet'
2020/03/14-19:01 [http-nio-8081-exec-2] INFO  org.springframework.web.servlet.DispatcherServlet: Initializing Servlet 'dispatcherServlet'
2020/03/14-19:01 [http-nio-8081-exec-2] INFO  org.springframework.web.servlet.DispatcherServlet: Completed initialization in 8 ms
2020/03/14-19:01 [http-nio-8081-exec-10] INFO  com.alibaba.druid.pool.DruidDataSource: {dataSource-1} inited
2020/03/14-19:20 [SpringContextShutdownHook] INFO  org.springframework.scheduling.concurrent.ThreadPoolTaskScheduler: Shutting down ExecutorService 'taskScheduler'
2020/03/14-19:20 [SpringContextShutdownHook] INFO  org.springframework.scheduling.concurrent.ThreadPoolTaskExecutor: Shutting down ExecutorService 'applicationTaskExecutor'
2020/03/14-19:20 [SpringContextShutdownHook] INFO  com.alibaba.druid.pool.DruidDataSource: {dataSource-1} closed
2020/03/14-19:20 [restartedMain] INFO  com.sportswork.sportswork.SportsworkApplication: Starting SportsworkApplication on LAPTOP-19J49U6B with PID 13788 (E:\BiYeSheJi_project_lixidong\sportswork\target\classes started by 50472 in E:\BiYeSheJi_project_lixidong\sportswork)
2020/03/14-19:20 [restartedMain] INFO  com.sportswork.sportswork.SportsworkApplication: No active profile set, falling back to default profiles: default
2020/03/14-19:20 [restartedMain] INFO  org.springframework.boot.devtools.env.DevToolsPropertyDefaultsPostProcessor: Devtools property defaults active! Set 'spring.devtools.add-properties' to 'false' to disable
2020/03/14-19:20 [restartedMain] INFO  org.springframework.boot.devtools.env.DevToolsPropertyDefaultsPostProcessor: For additional web related logging consider setting the 'logging.level.web' property to 'DEBUG'
2020/03/14-19:20 [restartedMain] WARN  org.springframework.boot.web.servlet.context.AnnotationConfigServletWebServerApplicationContext: Exception encountered during context initialization - cancelling refresh attempt: org.springframework.beans.factory.BeanDefinitionStoreException: Failed to parse configuration class [com.sportswork.sportswork.SportsworkApplication]; nested exception is org.springframework.context.annotation.ConflictingBeanDefinitionException: Annotation-specified bean name 'equipmentController' for bean class [com.sportswork.sportswork.controller.student.EquipmentController] conflicts with existing, non-compatible bean definition of same name and class [com.sportswork.sportswork.controller.admin.EquipmentController]
2020/03/14-19:20 [restartedMain] ERROR org.springframework.boot.SpringApplication: Application run failed
org.springframework.beans.factory.BeanDefinitionStoreException: Failed to parse configuration class [com.sportswork.sportswork.SportsworkApplication]; nested exception is org.springframework.context.annotation.ConflictingBeanDefinitionException: Annotation-specified bean name 'equipmentController' for bean class [com.sportswork.sportswork.controller.student.EquipmentController] conflicts with existing, non-compatible bean definition of same name and class [com.sportswork.sportswork.controller.admin.EquipmentController]
	at org.springframework.context.annotation.ConfigurationClassParser.parse(ConfigurationClassParser.java:184)
	at org.springframework.context.annotation.ConfigurationClassPostProcessor.processConfigBeanDefinitions(ConfigurationClassPostProcessor.java:325)
	at org.springframework.context.annotation.ConfigurationClassPostProcessor.postProcessBeanDefinitionRegistry(ConfigurationClassPostProcessor.java:242)
	at org.springframework.context.support.PostProcessorRegistrationDelegate.invokeBeanDefinitionRegistryPostProcessors(PostProcessorRegistrationDelegate.java:275)
	at org.springframework.context.support.PostProcessorRegistrationDelegate.invokeBeanFactoryPostProcessors(PostProcessorRegistrationDelegate.java:95)
	at org.springframework.context.support.AbstractApplicationContext.invokeBeanFactoryPostProcessors(AbstractApplicationContext.java:706)
	at org.springframework.context.support.AbstractApplicationContext.refresh(AbstractApplicationContext.java:532)
	at org.springframework.boot.web.servlet.context.ServletWebServerApplicationContext.refresh(ServletWebServerApplicationContext.java:141)
	at org.springframework.boot.SpringApplication.refresh(SpringApplication.java:747)
	at org.springframework.boot.SpringApplication.refreshContext(SpringApplication.java:397)
	at org.springframework.boot.SpringApplication.run(SpringApplication.java:315)
	at org.springframework.boot.SpringApplication.run(SpringApplication.java:1226)
	at org.springframework.boot.SpringApplication.run(SpringApplication.java:1215)
	at com.sportswork.sportswork.SportsworkApplication.main(SportsworkApplication.java:14)
	at sun.reflect.NativeMethodAccessorImpl.invoke0(Native Method)
	at sun.reflect.NativeMethodAccessorImpl.invoke(NativeMethodAccessorImpl.java:62)
	at sun.reflect.DelegatingMethodAccessorImpl.invoke(DelegatingMethodAccessorImpl.java:43)
	at java.lang.reflect.Method.invoke(Method.java:498)
	at org.springframework.boot.devtools.restart.RestartLauncher.run(RestartLauncher.java:49)
Caused by: org.springframework.context.annotation.ConflictingBeanDefinitionException: Annotation-specified bean name 'equipmentController' for bean class [com.sportswork.sportswork.controller.student.EquipmentController] conflicts with existing, non-compatible bean definition of same name and class [com.sportswork.sportswork.controller.admin.EquipmentController]
	at org.springframework.context.annotation.ClassPathBeanDefinitionScanner.checkCandidate(ClassPathBeanDefinitionScanner.java:349)
	at org.springframework.context.annotation.ClassPathBeanDefinitionScanner.doScan(ClassPathBeanDefinitionScanner.java:287)
	at org.springframework.context.annotation.ComponentScanAnnotationParser.parse(ComponentScanAnnotationParser.java:132)
	at org.springframework.context.annotation.ConfigurationClassParser.doProcessConfigurationClass(ConfigurationClassParser.java:290)
	at org.springframework.context.annotation.ConfigurationClassParser.processConfigurationClass(ConfigurationClassParser.java:245)
	at org.springframework.context.annotation.ConfigurationClassParser.parse(ConfigurationClassParser.java:202)
	at org.springframework.context.annotation.ConfigurationClassParser.parse(ConfigurationClassParser.java:170)
	... 18 common frames omitted
2020/03/14-19:21 [restartedMain] INFO  com.sportswork.sportswork.SportsworkApplication: Starting SportsworkApplication on LAPTOP-19J49U6B with PID 6096 (E:\BiYeSheJi_project_lixidong\sportswork\target\classes started by 50472 in E:\BiYeSheJi_project_lixidong\sportswork)
2020/03/14-19:21 [restartedMain] INFO  com.sportswork.sportswork.SportsworkApplication: No active profile set, falling back to default profiles: default
2020/03/14-19:21 [restartedMain] INFO  org.springframework.boot.devtools.env.DevToolsPropertyDefaultsPostProcessor: Devtools property defaults active! Set 'spring.devtools.add-properties' to 'false' to disable
2020/03/14-19:21 [restartedMain] INFO  org.springframework.boot.devtools.env.DevToolsPropertyDefaultsPostProcessor: For additional web related logging consider setting the 'logging.level.web' property to 'DEBUG'
2020/03/14-19:21 [restartedMain] INFO  org.springframework.boot.web.embedded.tomcat.TomcatWebServer: Tomcat initialized with port(s): 8081 (http)
2020/03/14-19:21 [restartedMain] INFO  org.apache.catalina.core.StandardService: Starting service [Tomcat]
2020/03/14-19:21 [restartedMain] INFO  org.apache.catalina.core.StandardEngine: Starting Servlet engine: [Apache Tomcat/9.0.29]
2020/03/14-19:21 [restartedMain] INFO  org.apache.catalina.core.ContainerBase.[Tomcat].[localhost].[/]: Initializing Spring embedded WebApplicationContext
2020/03/14-19:21 [restartedMain] INFO  org.springframework.web.context.ContextLoader: Root WebApplicationContext: initialization completed in 1461 ms
2020/03/14-19:21 [restartedMain] INFO  org.springframework.security.web.DefaultSecurityFilterChain: Creating filter chain: any request, [org.springframework.security.web.context.request.async.WebAsyncManagerIntegrationFilter@4e9805a3, org.springframework.security.web.context.SecurityContextPersistenceFilter@da9f534, org.springframework.security.web.header.HeaderWriterFilter@67b1fab2, org.springframework.security.web.authentication.logout.LogoutFilter@61fe9bd3, org.springframework.security.web.authentication.UsernamePasswordAuthenticationFilter@16bb7174, org.springframework.security.web.savedrequest.RequestCacheAwareFilter@7e334ad2, org.springframework.security.web.servletapi.SecurityContextHolderAwareRequestFilter@5491d75e, org.springframework.security.web.authentication.AnonymousAuthenticationFilter@34c05137, org.springframework.security.web.session.SessionManagementFilter@39672f4b, org.springframework.security.web.access.ExceptionTranslationFilter@60594b0c, org.springframework.security.web.access.intercept.FilterSecurityInterceptor@614cd39d]
2020/03/14-19:21 [restartedMain] INFO  org.springframework.scheduling.concurrent.ThreadPoolTaskExecutor: Initializing ExecutorService 'applicationTaskExecutor'
2020/03/14-19:21 [restartedMain] WARN  org.thymeleaf.templatemode.TemplateMode: [THYMELEAF][restartedMain] Template Mode 'HTML5' is deprecated. Using Template Mode 'HTML' instead.
2020/03/14-19:21 [restartedMain] INFO  org.springframework.scheduling.concurrent.ThreadPoolTaskScheduler: Initializing ExecutorService 'taskScheduler'
2020/03/14-19:21 [restartedMain] INFO  org.springframework.boot.devtools.autoconfigure.OptionalLiveReloadServer: LiveReload server is running on port 35729
2020/03/14-19:21 [restartedMain] INFO  org.springframework.boot.web.embedded.tomcat.TomcatWebServer: Tomcat started on port(s): 8081 (http) with context path ''
2020/03/14-19:21 [restartedMain] INFO  com.sportswork.sportswork.SportsworkApplication: Started SportsworkApplication in 4.019 seconds (JVM running for 5.325)
2020/03/14-19:21 [http-nio-8081-exec-3] INFO  org.apache.catalina.core.ContainerBase.[Tomcat].[localhost].[/]: Initializing Spring DispatcherServlet 'dispatcherServlet'
2020/03/14-19:21 [http-nio-8081-exec-3] INFO  org.springframework.web.servlet.DispatcherServlet: Initializing Servlet 'dispatcherServlet'
2020/03/14-19:21 [http-nio-8081-exec-3] INFO  org.springframework.web.servlet.DispatcherServlet: Completed initialization in 7 ms
2020/03/14-19:21 [http-nio-8081-exec-7] INFO  com.alibaba.druid.pool.DruidDataSource: {dataSource-1} inited
2020/03/14-19:39 [SpringContextShutdownHook] INFO  org.springframework.scheduling.concurrent.ThreadPoolTaskScheduler: Shutting down ExecutorService 'taskScheduler'
2020/03/14-19:39 [SpringContextShutdownHook] INFO  org.springframework.scheduling.concurrent.ThreadPoolTaskExecutor: Shutting down ExecutorService 'applicationTaskExecutor'
2020/03/14-19:39 [SpringContextShutdownHook] INFO  com.alibaba.druid.pool.DruidDataSource: {dataSource-1} closed
2020/03/14-19:39 [restartedMain] INFO  com.sportswork.sportswork.SportsworkApplication: Starting SportsworkApplication on LAPTOP-19J49U6B with PID 15096 (E:\BiYeSheJi_project_lixidong\sportswork\target\classes started by 50472 in E:\BiYeSheJi_project_lixidong\sportswork)
2020/03/14-19:39 [restartedMain] INFO  com.sportswork.sportswork.SportsworkApplication: No active profile set, falling back to default profiles: default
2020/03/14-19:39 [restartedMain] INFO  org.springframework.boot.devtools.env.DevToolsPropertyDefaultsPostProcessor: Devtools property defaults active! Set 'spring.devtools.add-properties' to 'false' to disable
2020/03/14-19:39 [restartedMain] INFO  org.springframework.boot.devtools.env.DevToolsPropertyDefaultsPostProcessor: For additional web related logging consider setting the 'logging.level.web' property to 'DEBUG'
2020/03/14-19:39 [restartedMain] INFO  org.springframework.boot.web.embedded.tomcat.TomcatWebServer: Tomcat initialized with port(s): 8081 (http)
2020/03/14-19:39 [restartedMain] INFO  org.apache.catalina.core.StandardService: Starting service [Tomcat]
2020/03/14-19:39 [restartedMain] INFO  org.apache.catalina.core.StandardEngine: Starting Servlet engine: [Apache Tomcat/9.0.29]
2020/03/14-19:39 [restartedMain] INFO  org.apache.catalina.core.ContainerBase.[Tomcat].[localhost].[/]: Initializing Spring embedded WebApplicationContext
2020/03/14-19:39 [restartedMain] INFO  org.springframework.web.context.ContextLoader: Root WebApplicationContext: initialization completed in 1722 ms
2020/03/14-19:39 [restartedMain] INFO  org.springframework.security.web.DefaultSecurityFilterChain: Creating filter chain: any request, [org.springframework.security.web.context.request.async.WebAsyncManagerIntegrationFilter@74a70944, org.springframework.security.web.context.SecurityContextPersistenceFilter@2c96d415, org.springframework.security.web.header.HeaderWriterFilter@78888d1a, org.springframework.security.web.authentication.logout.LogoutFilter@574f6eaa, org.springframework.security.web.authentication.UsernamePasswordAuthenticationFilter@7a0c4a17, org.springframework.security.web.savedrequest.RequestCacheAwareFilter@1d946a5, org.springframework.security.web.servletapi.SecurityContextHolderAwareRequestFilter@4419fe8a, org.springframework.security.web.authentication.AnonymousAuthenticationFilter@52a38d66, org.springframework.security.web.session.SessionManagementFilter@42d02f26, org.springframework.security.web.access.ExceptionTranslationFilter@72b5c4ee, org.springframework.security.web.access.intercept.FilterSecurityInterceptor@3914a85e]
2020/03/14-19:39 [restartedMain] INFO  org.springframework.scheduling.concurrent.ThreadPoolTaskExecutor: Initializing ExecutorService 'applicationTaskExecutor'
2020/03/14-19:39 [restartedMain] WARN  org.thymeleaf.templatemode.TemplateMode: [THYMELEAF][restartedMain] Template Mode 'HTML5' is deprecated. Using Template Mode 'HTML' instead.
2020/03/14-19:39 [restartedMain] INFO  org.springframework.scheduling.concurrent.ThreadPoolTaskScheduler: Initializing ExecutorService 'taskScheduler'
2020/03/14-19:39 [restartedMain] INFO  org.springframework.boot.devtools.autoconfigure.OptionalLiveReloadServer: LiveReload server is running on port 35729
2020/03/14-19:39 [restartedMain] INFO  org.springframework.boot.web.embedded.tomcat.TomcatWebServer: Tomcat started on port(s): 8081 (http) with context path ''
2020/03/14-19:39 [restartedMain] INFO  com.sportswork.sportswork.SportsworkApplication: Started SportsworkApplication in 4.244 seconds (JVM running for 5.435)
2020/03/14-19:40 [http-nio-8081-exec-2] INFO  org.apache.catalina.core.ContainerBase.[Tomcat].[localhost].[/]: Initializing Spring DispatcherServlet 'dispatcherServlet'
2020/03/14-19:40 [http-nio-8081-exec-2] INFO  org.springframework.web.servlet.DispatcherServlet: Initializing Servlet 'dispatcherServlet'
2020/03/14-19:40 [http-nio-8081-exec-2] INFO  org.springframework.web.servlet.DispatcherServlet: Completed initialization in 6 ms
2020/03/14-19:40 [http-nio-8081-exec-4] INFO  com.alibaba.druid.pool.DruidDataSource: {dataSource-1} inited
2020/03/14-19:44 [SpringContextShutdownHook] INFO  org.springframework.scheduling.concurrent.ThreadPoolTaskScheduler: Shutting down ExecutorService 'taskScheduler'
2020/03/14-19:44 [SpringContextShutdownHook] INFO  org.springframework.scheduling.concurrent.ThreadPoolTaskExecutor: Shutting down ExecutorService 'applicationTaskExecutor'
2020/03/14-19:44 [SpringContextShutdownHook] INFO  com.alibaba.druid.pool.DruidDataSource: {dataSource-1} closed
